[16:20:35] [main/INFO] (FabricLoader/GameProvider) Loading Minecraft 1.21 with Fabric Loader 0.16.14
[16:20:35] [ForkJoinPool-1-worker-1/WARN] (FabricLoader/Metadata) Mod primalmagic uses the version 0.1a-1.21snapshot which isn't compatible with Loader's extended semantic version format (Could not parse version number component '1a'!), SemVer is recommended for reliably evaluating dependencies and prioritizing newer version
[16:20:35] [main/INFO] (FabricLoader) Loading 56 mods:
	- fabric-api 0.102.0+1.21
	- fabric-api-base 0.4.42+6573ed8cd1
	- fabric-api-lookup-api-v1 1.6.68+b5597344d1
	- fabric-biome-api-v1 13.0.29+5bd9f1bcd1
	- fabric-block-api-v1 1.0.22+0af3f5a7d1
	- fabric-block-view-api-v2 1.0.10+6573ed8cd1
	- fabric-blockrenderlayer-v1 1.1.52+0af3f5a7d1
	- fabric-client-tags-api-v1 1.1.15+6573ed8cd1
	- fabric-command-api-v1 1.2.49+f71b366fd1
	- fabric-command-api-v2 2.2.28+6ced4dd9d1
	- fabric-commands-v0 0.2.66+df3654b3d1
	- fabric-content-registries-v0 8.0.16+b5597344d1
	- fabric-convention-tags-v1 2.0.19+7f945d5bd1
	- fabric-convention-tags-v2 2.5.0+c5e2b5c6d1
	- fabric-crash-report-info-v1 0.2.29+0af3f5a7d1
	- fabric-data-attachment-api-v1 1.1.27+6a6dfa19d1
	- fabric-data-generation-api-v1 20.2.16+16c4ae25d1
	- fabric-dimensions-v1 4.0.0+6fc22b99d1
	- fabric-entity-events-v1 1.6.12+6fc22b99d1
	- fabric-events-interaction-v0 0.7.12+ba9dae06d1
	- fabric-game-rule-api-v1 1.0.53+6ced4dd9d1
	- fabric-gametest-api-v1 2.0.4+6fc22b99d1
	- fabric-item-api-v1 11.0.0+afdfc921d1
	- fabric-item-group-api-v1 4.1.4+78017270d1
	- fabric-key-binding-api-v1 1.0.47+0af3f5a7d1
	- fabric-keybindings-v0 0.2.45+df3654b3d1
	- fabric-lifecycle-events-v1 2.3.12+6c1df360d1
	- fabric-loot-api-v2 3.0.14+3f89f5a5d1
	- fabric-loot-api-v3 1.0.2+3f89f5a5d1
	- fabric-message-api-v1 6.0.13+6573ed8cd1
	- fabric-model-loading-api-v1 2.0.0+fe474d6bd1
	- fabric-networking-api-v1 4.2.2+60c3209bd1
	- fabric-object-builder-api-v1 15.2.0+a551f7a4d1
	- fabric-particles-v1 4.0.2+6573ed8cd1
	- fabric-recipe-api-v1 5.0.12+65089712d1
	- fabric-registry-sync-v0 5.1.2+60c3209bd1
	- fabric-renderer-api-v1 3.4.0+c705a49cd1
	- fabric-renderer-indigo 1.7.0+c705a49cd1
	- fabric-renderer-registries-v1 3.2.68+df3654b3d1
	- fabric-rendering-data-attachment-v1 0.3.48+73761d2ed1
	- fabric-rendering-fluids-v1 3.1.6+b5597344d1
	- fabric-rendering-v0 1.1.71+df3654b3d1
	- fabric-rendering-v1 5.0.5+df16efd0d1
	- fabric-resource-conditions-api-v1 4.3.0+8dc279b1d1
	- fabric-resource-loader-v0 1.3.0+56599129d1
	- fabric-screen-api-v1 2.0.24+b5597344d1
	- fabric-screen-handler-api-v1 1.3.86+b5597344d1
	- fabric-sound-api-v1 1.0.23+6573ed8cd1
	- fabric-transfer-api-v1 5.1.16+3dccd343d1
	- fabric-transitive-access-wideners-v1 6.1.0+176f9036d1
	- fabricloader 0.16.14
	- geckolib 4.5.8
	- java 21
	- minecraft 1.21
	- mixinextras 0.4.1
	- primalmagic 0.1a-1.21snapshot
[16:20:36] [main/INFO] (FabricLoader/Mixin) SpongePowered MIXIN Subsystem Version=0.8.7 Source=file:/C:/Users/maimai/.gradle/caches/modules-2/files-2.1/net.fabricmc/sponge-mixin/0.15.5+mixin.0.8.7/22f9eb729e216a091673a574a5906dc1b9027fb3/sponge-mixin-0.15.5+mixin.0.8.7.jar Service=Knot/Fabric Env=CLIENT
[16:20:36] [main/INFO] (FabricLoader/Mixin) Loaded Fabric development mappings for mixin remapper!
[16:20:36] [main/INFO] (FabricLoader/Mixin) Compatibility level set to JAVA_17
[16:20:36] [main/INFO] (FabricLoader/Mixin) Compatibility level set to JAVA_21
[16:20:37] [main/INFO] (FabricLoader/MixinExtras|Service) Initializing MixinExtras via com.llamalad7.mixinextras.service.MixinExtrasServiceImpl(version=0.4.1).
[16:20:38] [Datafixer Bootstrap/INFO] (Minecraft) 226 Datafixer optimizations took 424 milliseconds
[16:20:44] [Render thread/INFO] (Minecraft) Environment: Environment[sessionHost=https://sessionserver.mojang.com, servicesHost=https://api.minecraftservices.com, name=PROD]
[16:20:44] [Render thread/INFO] (Minecraft) Setting user: Player973
[16:20:44] [Render thread/INFO] (primalmagic) Registering Data Component Types for primalmagic
[16:20:44] [Render thread/INFO] (primalmagic) Registering Mod Items
[16:20:44] [Render thread/INFO] (primalmagic) Primal Magic Group Registered
[16:20:44] [Render thread/INFO] (primalmagic) Registering Mod Block
[16:20:44] [Render thread/INFO] (primalmagic) Registering Block Entities for primalmagic
[16:20:44] [Render thread/INFO] (primalmagic) Registering Screen Handlers for primalmagic
[16:20:44] [Render thread/INFO] (primalmagic) Registering Entities for primalmagic
[16:20:44] [Render thread/INFO] (primalmagic) Primal Magic Initialized with Talisman Drops!
[16:20:44] [Render thread/INFO] (Indigo) [Indigo] Registering Indigo renderer!
[16:20:45] [Render thread/INFO] (primalmagic) Primal Magic Client Initialized!
[16:20:45] [Render thread/INFO] (Minecraft) Backend library: LWJGL version 3.3.3-snapshot
[16:20:46] [Render thread/INFO] (Minecraft) Reloading ResourceManager: vanilla, fabric, fabric-api, fabric-api-base, fabric-api-lookup-api-v1, fabric-biome-api-v1, fabric-block-api-v1, fabric-block-view-api-v2, fabric-blockrenderlayer-v1, fabric-client-tags-api-v1, fabric-command-api-v1, fabric-command-api-v2, fabric-commands-v0, fabric-content-registries-v0, fabric-convention-tags-v1, fabric-convention-tags-v2, fabric-crash-report-info-v1, fabric-data-attachment-api-v1, fabric-data-generation-api-v1, fabric-dimensions-v1, fabric-entity-events-v1, fabric-events-interaction-v0, fabric-game-rule-api-v1, fabric-gametest-api-v1, fabric-item-api-v1, fabric-item-group-api-v1, fabric-key-binding-api-v1, fabric-keybindings-v0, fabric-lifecycle-events-v1, fabric-loot-api-v2, fabric-loot-api-v3, fabric-message-api-v1, fabric-model-loading-api-v1, fabric-networking-api-v1, fabric-object-builder-api-v1, fabric-particles-v1, fabric-recipe-api-v1, fabric-registry-sync-v0, fabric-renderer-api-v1, fabric-renderer-indigo, fabric-renderer-registries-v1, fabric-rendering-data-attachment-v1, fabric-rendering-fluids-v1, fabric-rendering-v0, fabric-rendering-v1, fabric-resource-conditions-api-v1, fabric-resource-loader-v0, fabric-screen-api-v1, fabric-screen-handler-api-v1, fabric-sound-api-v1, fabric-transfer-api-v1, fabric-transitive-access-wideners-v1, fabricloader, primalmagic
[16:20:46] [Worker-Main-3/INFO] (Minecraft) Found unifont_all_no_pua-15.1.05.hex, loading
[16:20:47] [Worker-Main-2/INFO] (Minecraft) Found unifont_jp_patch-15.1.05.hex, loading
[16:20:47] [Worker-Main-4/WARN] (Minecraft) Texture primalmagic:item/soul_of_mingyuan with size 1480x1488 limits mip level from 4 to 3
[16:20:47] [Worker-Main-4/WARN] (Minecraft) minecraft:textures/atlas/blocks.png: dropping miplevel from 4 to 3, because of minimum power of two: 8
[16:20:47] [Worker-Main-11/WARN] (Minecraft) Exception loading blockstate definition: 'primalmagic:blockstates/mirage_portal.json' missing model for variant: 'primalmagic:mirage_portal#'
[16:20:47] [Worker-Main-11/WARN] (Minecraft) Unable to load model: 'primalmagic:item/mirage_portal' referenced from: primalmagic:item/mirage_portal: java.io.FileNotFoundException: primalmagic:models/item/mirage_portal.json
[16:20:47] [Worker-Main-11/WARN] (Minecraft) Unable to load model: 'primalmagic:item/ancient_key' referenced from: primalmagic:item/ancient_key: java.io.FileNotFoundException: primalmagic:models/item/ancient_key.json
[16:20:48] [Worker-Main-11/WARN] (Minecraft) Missing textures in model primalmagic:vastness_zephyr#inventory:
    minecraft:textures/atlas/blocks.png:primalmagic:item/vastness_zephyr
[16:20:48] [Worker-Main-11/WARN] (Minecraft) Missing textures in model primalmagic:vastness_adamantrock#inventory:
    minecraft:textures/atlas/blocks.png:primalmagic:item/vastness_adamantrock
[16:20:48] [Worker-Main-11/WARN] (Minecraft) Missing textures in model primalmagic:vastness_glaciate#inventory:
    minecraft:textures/atlas/blocks.png:primalmagic:item/vastness_glaciate
[16:20:48] [Worker-Main-11/WARN] (Minecraft) Missing textures in model primalmagic:vastness_ember#inventory:
    minecraft:textures/atlas/blocks.png:primalmagic:item/vastness_ember
[16:20:48] [Worker-Main-11/WARN] (Minecraft) Missing textures in model primalmagic:vastness_stream#inventory:
    minecraft:textures/atlas/blocks.png:primalmagic:item/vastness_stream
[16:20:48] [Worker-Main-11/WARN] (Minecraft) Missing textures in model primalmagic:vastness_thunderclap#inventory:
    minecraft:textures/atlas/blocks.png:primalmagic:item/vastness_thunderclap
[16:20:48] [Worker-Main-11/WARN] (Minecraft) Missing textures in model primalmagic:elemental_mastermind#inventory:
    minecraft:textures/atlas/blocks.png:primalmagic:item/elemental_mastermind
[16:20:48] [Worker-Main-11/WARN] (Minecraft) Missing textures in model primalmagic:vastness_verdant#inventory:
    minecraft:textures/atlas/blocks.png:primalmagic:item/vastness_verdant
[16:20:48] [Render thread/WARN] (Minecraft) Missing sound for event: minecraft:item.goat_horn.play
[16:20:48] [Render thread/WARN] (Minecraft) Missing sound for event: minecraft:entity.goat.screaming.horn_break
[16:20:48] [Render thread/INFO] (Minecraft) OpenAL initialized on device OpenAL Soft on 扬声器 (Realtek(R) Audio)
[16:20:48] [Render thread/INFO] (Minecraft) Sound engine started
[16:20:48] [Render thread/INFO] (Minecraft) Created: 8192x4096x3 minecraft:textures/atlas/blocks.png-atlas
[16:20:48] [Render thread/INFO] (Minecraft) Created: 256x256x4 minecraft:textures/atlas/signs.png-atlas
[16:20:48] [Render thread/INFO] (Minecraft) Created: 512x512x4 minecraft:textures/atlas/shield_patterns.png-atlas
[16:20:48] [Render thread/INFO] (Minecraft) Created: 512x512x4 minecraft:textures/atlas/banner_patterns.png-atlas
[16:20:48] [Render thread/INFO] (Minecraft) Created: 1024x1024x4 minecraft:textures/atlas/armor_trims.png-atlas
[16:20:48] [Render thread/INFO] (Minecraft) Created: 128x64x4 minecraft:textures/atlas/decorated_pot.png-atlas
[16:20:48] [Render thread/INFO] (Minecraft) Created: 256x256x4 minecraft:textures/atlas/chest.png-atlas
[16:20:48] [Render thread/INFO] (Minecraft) Created: 512x256x4 minecraft:textures/atlas/shulker_boxes.png-atlas
[16:20:48] [Render thread/INFO] (Minecraft) Created: 512x256x4 minecraft:textures/atlas/beds.png-atlas
[16:20:48] [Render thread/INFO] (Minecraft) Created: 512x256x0 minecraft:textures/atlas/particles.png-atlas
[16:20:48] [Render thread/INFO] (Minecraft) Created: 512x256x0 minecraft:textures/atlas/paintings.png-atlas
[16:20:48] [Render thread/INFO] (Minecraft) Created: 256x128x0 minecraft:textures/atlas/mob_effects.png-atlas
[16:20:48] [Render thread/INFO] (Minecraft) Created: 64x64x0 minecraft:textures/atlas/map_decorations.png-atlas
[16:20:48] [Render thread/INFO] (Minecraft) Created: 1024x512x0 minecraft:textures/atlas/gui.png-atlas
[16:20:48] [Render thread/WARN] (Minecraft) Shader rendertype_entity_translucent_emissive could not find sampler named Sampler2 in the specified shader program.
[16:20:52] [Render thread/INFO] (Minecraft) Loaded 1301 recipes
[16:20:52] [Render thread/INFO] (Minecraft) Loaded 1410 advancements
[16:20:58] [Render thread/INFO] (BiomeModificationImpl) Applied 159 biome modifications to 53 of 65 new biomes in 12.94 ms
[16:20:58] [Server thread/INFO] (Minecraft) Starting integrated minecraft server version 1.21
[16:20:58] [Server thread/INFO] (Minecraft) Generating keypair
[16:21:00] [Server thread/INFO] (Minecraft) Preparing start region for dimension minecraft:overworld
[16:21:00] [Render thread/INFO] (Minecraft) 准备生成区域中：2%
[16:21:01] [Render thread/INFO] (Minecraft) 准备生成区域中：2%
[16:21:01] [Render thread/INFO] (Minecraft) 准备生成区域中：4%
[16:21:02] [Render thread/INFO] (Minecraft) 准备生成区域中：18%
[16:21:02] [Render thread/INFO] (Minecraft) 准备生成区域中：51%
[16:21:03] [Server thread/WARN] (TranslationConventionLogWarnings) 
	Dev warning - Untranslated Item Tags detected. Please translate your item tags so other mods such as recipe viewers can properly display your tag's name.
	The format desired is tag.item.<namespace>.<path> for the translation key with slashes in path turned into periods.
	To disable this message, set this system property in your runs: `-Dfabric-tag-conventions-v2.missingTagTranslationWarning=SILENCED`.
	To see individual untranslated item tags found, set the system property to `-Dfabric-tag-conventions-v2.missingTagTranslationWarning=VERBOSE`.
	Default is `SHORT`.

[16:21:03] [Render thread/INFO] (Minecraft) Time elapsed: 2418 ms
[16:21:03] [Server thread/INFO] (Minecraft) Changing view distance to 12, from 10
[16:21:03] [Server thread/INFO] (Minecraft) Changing simulation distance to 12, from 0
[16:21:04] [Server thread/INFO] (Minecraft) Player973[local:E:244f12dc] logged in with entity id 1 at (-23.5, 87.0, -81.5)
[16:21:04] [Server thread/INFO] (Minecraft) Player973加入了游戏
[16:21:04] [Render thread/INFO] (Minecraft) [System] [CHAT] §d[原初魔法]§r 魔法的力量已觉醒，请查收你的向导书！
[16:21:04] [Render thread/INFO] (Minecraft) Loaded 2 advancements
[16:21:05] [Server thread/INFO] (Minecraft) Saving and pausing game...
[16:21:05] [Server thread/INFO] (Minecraft) Saving chunks for level 'ServerLevel[新的世界]'/minecraft:overworld
[16:21:05] [Server thread/INFO] (Minecraft) Saving chunks for level 'ServerLevel[新的世界]'/minecraft:the_nether
[16:21:05] [Server thread/INFO] (Minecraft) Saving chunks for level 'ServerLevel[新的世界]'/minecraft:the_end
[16:21:10] [Server thread/WARN] (Minecraft) Can't keep up! Is the server overloaded? Running 2756ms or 55 ticks behind
[16:21:22] [Server thread/INFO] (Minecraft) Locating element primalmagic:mingyuan_palace took 176 ms
[16:21:22] [Render thread/INFO] (Minecraft) [System] [CHAT] 最近的primalmagic:mingyuan_palace位于[672, ~, 3216]（3370个方块外）
[16:21:37] [Server thread/INFO] (Minecraft) Locating element primalmagic:mirage_portal_ruins took 0 ms
[16:21:37] [Render thread/INFO] (Minecraft) [System] [CHAT] 最近的primalmagic:mirage_portal_ruins位于[-368, ~, -416]（479个方块外）
[16:21:53] [Server thread/INFO] (Minecraft) [Player973: 已将Player973传送至-367.500000, 100.000000, -415.500000]
[16:21:53] [Render thread/INFO] (Minecraft) [System] [CHAT] 已将Player973传送至-367.500000, 100.000000, -415.500000
[16:21:59] [Server thread/WARN] (Minecraft) Can't keep up! Is the server overloaded? Running 4926ms or 98 ticks behind
[16:22:27] [Server thread/INFO] (Minecraft) [Player973: 已将1个[远古密钥]给予Player973]
[16:22:27] [Render thread/INFO] (Minecraft) [System] [CHAT] 已将1个[远古密钥]给予Player973
[16:22:59] [Server thread/INFO] (Minecraft) [Player973: 已将Player973传送至-367.500000, 100.000000, -415.500000]
[16:22:59] [Render thread/INFO] (Minecraft) [System] [CHAT] 已将Player973传送至-367.500000, 100.000000, -415.500000
[16:23:04] [Server thread/INFO] (Minecraft) Saving and pausing game...
[16:23:04] [Server thread/INFO] (Minecraft) Saving chunks for level 'ServerLevel[新的世界]'/minecraft:overworld
[16:23:05] [Server thread/INFO] (Minecraft) Saving chunks for level 'ServerLevel[新的世界]'/minecraft:the_nether
[16:23:05] [Server thread/INFO] (Minecraft) Saving chunks for level 'ServerLevel[新的世界]'/minecraft:the_end
[16:23:05] [Server thread/INFO] (Minecraft) Player973 lost connection: 连接中断
[16:23:05] [Server thread/INFO] (Minecraft) Player973退出了游戏
[16:23:05] [Server thread/INFO] (Minecraft) Stopping singleplayer server as player logged out
[16:23:05] [Server thread/INFO] (Minecraft) Stopping server
[16:23:05] [Server thread/INFO] (Minecraft) Saving players
[16:23:05] [Server thread/INFO] (Minecraft) Saving worlds
[16:23:06] [Server thread/INFO] (Minecraft) Saving chunks for level 'ServerLevel[新的世界]'/minecraft:overworld
[16:23:07] [Server thread/INFO] (Minecraft) Saving chunks for level 'ServerLevel[新的世界]'/minecraft:the_nether
[16:23:07] [Server thread/INFO] (Minecraft) Saving chunks for level 'ServerLevel[新的世界]'/minecraft:the_end
[16:23:07] [Server thread/INFO] (Minecraft) ThreadedAnvilChunkStorage (新的世界): All chunks are saved
[16:23:07] [Server thread/INFO] (Minecraft) ThreadedAnvilChunkStorage (DIM-1): All chunks are saved
[16:23:07] [Server thread/INFO] (Minecraft) ThreadedAnvilChunkStorage (DIM1): All chunks are saved
[16:23:07] [Server thread/INFO] (Minecraft) ThreadedAnvilChunkStorage: All dimensions are saved
[16:23:07] [Render thread/INFO] (Minecraft) Stopping!
